<?xml version="1.0" encoding="UTF-8"?>
<!-- Generated by org.testng.reporters.JUnitReportReporter -->
<testsuite skipped="0" hostname="DESKTOP-01THEB1" name="com.edureka.thirdpartytools.LoginToFacebookUsingSikuli" tests="1" failures="0" timestamp="06 Jul 2019 17:27:40 GMT" time="76.066" errors="0">
  <testcase name="loginToFacebook" time="76.066" classname="com.edureka.thirdpartytools.LoginToFacebookUsingSikuli"/>
</testsuite> <!-- com.edureka.thirdpartytools.LoginToFacebookUsingSikuli -->
