<?xml version="1.0" encoding="UTF-8"?>
<!-- Generated by org.testng.reporters.JUnitReportReporter -->
<testsuite skipped="0" hostname="DESKTOP-01THEB1" name="com.edureka.testng.TaskModuleScripts" tests="1" failures="0" timestamp="15 Jun 2019 16:44:54 GMT" time="0.041" errors="0">
  <testcase name="createTask" time="0.041" classname="com.edureka.testng.TaskModuleScripts"/>
</testsuite> <!-- com.edureka.testng.TaskModuleScripts -->
