<?xml version="1.0" encoding="UTF-8"?>
<!-- Generated by org.testng.reporters.JUnitReportReporter -->
<testsuite skipped="0" hostname="DESKTOP-01THEB1" name="com.edureka.testng.UserModuleScripts" tests="1" failures="0" timestamp="15 Jun 2019 16:44:54 GMT" time="0.013" errors="0">
  <testcase name="createUser" time="0.013" classname="com.edureka.testng.UserModuleScripts"/>
</testsuite> <!-- com.edureka.testng.UserModuleScripts -->
