<?xml version="1.0" encoding="UTF-8"?>
<!-- Generated by org.testng.reporters.JUnitReportReporter -->
<testsuite skipped="0" hostname="DESKTOP-01THEB1" name="com.edureka.testng.AssertionDemo" tests="1" failures="0" timestamp="16 Jun 2019 16:19:30 GMT" time="48.141" errors="0">
  <testcase name="loginToGmail" time="48.141" classname="com.edureka.testng.AssertionDemo"/>
</testsuite> <!-- com.edureka.testng.AssertionDemo -->
