<?xml version="1.0" encoding="UTF-8"?>
<!-- Generated by org.testng.reporters.JUnitReportReporter -->
<testsuite skipped="0" hostname="DESKTOP-01THEB1" name="com.edureka.testng.MyFirstTestngClass" tests="1" failures="0" timestamp="15 Jun 2019 15:43:33 GMT" time="0.052" errors="0">
  <testcase name="display" time="0.052" classname="com.edureka.testng.MyFirstTestngClass"/>
</testsuite> <!-- com.edureka.testng.MyFirstTestngClass -->
